
> viva-voce@0.0.0 build-storybook
> storybook build --output-dir=/var/folders/zr/vx9002v1073bny94dmw09tfh0000gn/T/chromatic--20343-ZrgKHhYHgQLm


[90m┌[39m  Building storybook v10.3.5
[90m│[39m
[32m◇[39m  Cleaning outputDir:
[90m│[39m  [36m../../../../var/folders/zr/vx9002v1073bny94dmw09tfh0000gn/T/chromatic--20343-ZrgKHhYHgQLm[39m
[90m│[39m
[32m◇[39m  Loading presets
[90m│[39m
[32m◇[39m  Building manager..
[90m│[39m
[34m●[39m  Building preview..
[90m│[39m  [43mVite[49m [36mvite v8.0.8 [32mbuilding client environment for production...[36m[39m
[2Ktransforming...✓ 174 modules transformed.
[90m│[39m
[31m■[39m  [43mVite[49m [31m✗[39m Build failed in 359ms
[90m│[39m
[31m■[39m  Failed to build the preview
[90m│[39m
[31m■[39m  [31mBuild failed with 8 errors:

[90m│[39m  [31m[UNRESOLVED_IMPORT] Error:[0m Could not resolve '../src/tokens.css' in
[90m│[39m  src/stories/Pages.stories.jsx
[90m│[39m  [38;5;246m╭[0m[38;5;246m─[0m[38;5;246m[[0m src/stories/Pages.stories.jsx:2:8 [38;5;246m][0m
[90m│[39m  [38;5;246m│[0m
[90m│[39m  [38;5;246m2 │[0m [38;5;249mi[0m[38;5;249mm[0m[38;5;249mp[0m[38;5;249mo[0m[38;5;249mr[0m[38;5;249mt[0m[38;5;249m [0m"../src/tokens.css"[38;5;249m;[0m
[90m│[39m  [38;5;240m│[0m        ─────────┬─────────
[90m│[39m  [38;5;240m│[0m                 ╰─────────── Module not found.
[90m│[39m  [38;5;240m│[0m
[90m│[39m  [38;5;240m│[0m [38;5;115mHelp[0m: 'src/stories/Pages.stories.jsx' is imported by the following
[90m│[39m  path:
[90m│[39m  [38;5;240m│[0m         - src/stories/Pages.stories.jsx
[90m│[39m  [38;5;240m│[0m         - \0virtual:/@storybook/builder-vite/storybook-stories.js
[90m│[39m  [38;5;240m│[0m         - \0virtual:/@storybook/builder-vite/vite-app.js
[90m│[39m  [38;5;240m│[0m         - iframe.html
[90m│[39m  [38;5;246m───╯[0m

[90m│[39m  [31m[UNRESOLVED_IMPORT] Error:[0m Could not resolve '../src/pages/pages.css'
[90m│[39m  in src/stories/Pages.stories.jsx
[90m│[39m  [38;5;246m╭[0m[38;5;246m─[0m[38;5;246m[[0m src/stories/Pages.stories.jsx:3:8 [38;5;246m][0m
[90m│[39m  [38;5;246m│[0m
[90m│[39m  [38;5;246m3 │[0m [38;5;249mi[0m[38;5;249mm[0m[38;5;249mp[0m[38;5;249mo[0m[38;5;249mr[0m[38;5;249mt[0m[38;5;249m [0m"../src/pages/pages.css"[38;5;249m;[0m
[90m│[39m  [38;5;240m│[0m        ────────────┬───────────
[90m│[39m  [38;5;240m│[0m                    ╰───────────── Module not found.
[90m│[39m  [38;5;240m│[0m
[90m│[39m  [38;5;240m│[0m [38;5;115mHelp[0m: 'src/stories/Pages.stories.jsx' is imported by the following
[90m│[39m  path:
[90m│[39m  [38;5;240m│[0m         - src/stories/Pages.stories.jsx
[90m│[39m  [38;5;240m│[0m         - \0virtual:/@storybook/builder-vite/storybook-stories.js
[90m│[39m  [38;5;240m│[0m         - \0virtual:/@storybook/builder-vite/vite-app.js
[90m│[39m  [38;5;240m│[0m         - iframe.html
[90m│[39m  [38;5;246m───╯[0m

[90m│[39m  [31m[UNRESOLVED_IMPORT] Error:[0m Could not resolve
[90m│[39m  '../src/components/Header' in src/stories/Pages.stories.jsx
[90m│[39m  [38;5;246m╭[0m[38;5;246m─[0m[38;5;246m[[0m src/stories/Pages.stories.jsx:4:20 [38;5;246m][0m
[90m│[39m  [38;5;246m│[0m
[90m│[39m  [38;5;246m4 │[0m [38;5;249mi[0m[38;5;249mm[0m[38;5;249mp[0m[38;5;249mo[0m[38;5;249mr[0m[38;5;249mt[0m[38;5;249m [0m[38;5;249mH[0m[38;5;249me[0m[38;5;249ma[0m[38;5;249md[0m[38;5;249me[0m[38;5;249mr[0m[38;5;249m [0m[38;5;249mf[0m[38;5;249mr[0m[38;5;249mo[0m[38;5;249mm[0m[38;5;249m [0m"../src/components/Header"[38;5;249m;[0m
[90m│[39m  [38;5;240m│[0m                    ─────────────┬────────────
[90m│[39m  [38;5;240m│[0m                                 ╰────────────── Module not found.
[90m│[39m  [38;5;240m│[0m
[90m│[39m  [38;5;240m│[0m [38;5;115mHelp[0m: 'src/stories/Pages.stories.jsx' is imported by the following
[90m│[39m  path:
[90m│[39m  [38;5;240m│[0m         - src/stories/Pages.stories.jsx
[90m│[39m  [38;5;240m│[0m         - \0virtual:/@storybook/builder-vite/storybook-stories.js
[90m│[39m  [38;5;240m│[0m         - \0virtual:/@storybook/builder-vite/vite-app.js
[90m│[39m  [38;5;240m│[0m         - iframe.html
[90m│[39m  [38;5;246m───╯[0m

[90m│[39m  [31m[UNRESOLVED_IMPORT] Error:[0m Could not resolve
[90m│[39m  '../src/components/Footer' in src/stories/Pages.stories.jsx
[90m│[39m  [38;5;246m╭[0m[38;5;246m─[0m[38;5;246m[[0m src/stories/Pages.stories.jsx:5:20 [38;5;246m][0m
[90m│[39m  [38;5;246m│[0m
[90m│[39m  [38;5;246m5 │[0m [38;5;249mi[0m[38;5;249mm[0m[38;5;249mp[0m[38;5;249mo[0m[38;5;249mr[0m[38;5;249mt[0m[38;5;249m [0m[38;5;249mF[0m[38;5;249mo[0m[38;5;249mo[0m[38;5;249mt[0m[38;5;249me[0m[38;5;249mr[0m[38;5;249m [0m[38;5;249mf[0m[38;5;249mr[0m[38;5;249mo[0m[38;5;249mm[0m[38;5;249m [0m"../src/components/Footer"[38;5;249m;[0m
[90m│[39m  [38;5;240m│[0m                    ─────────────┬────────────
[90m│[39m  [38;5;240m│[0m                                 ╰────────────── Module not found.
[90m│[39m  [38;5;240m│[0m
[90m│[39m  [38;5;240m│[0m [38;5;115mHelp[0m: 'src/stories/Pages.stories.jsx' is imported by the following
[90m│[39m  path:
[90m│[39m  [38;5;240m│[0m         - src/stories/Pages.stories.jsx
[90m│[39m  [38;5;240m│[0m         - \0virtual:/@storybook/builder-vite/storybook-stories.js
[90m│[39m  [38;5;240m│[0m         - \0virtual:/@storybook/builder-vite/vite-app.js
[90m│[39m  [38;5;240m│[0m         - iframe.html
[90m│[39m  [38;5;246m───╯[0m

[90m│[39m  [31m[UNRESOLVED_IMPORT] Error:[0m Could not resolve '../src/pages/HomePage'
[90m│[39m  in src/stories/Pages.stories.jsx
[90m│[39m  [38;5;246m╭[0m[38;5;246m─[0m[38;5;246m[[0m src/stories/Pages.stories.jsx:6:22 [38;5;246m][0m
[90m│[39m  [38;5;246m│[0m
[90m│[39m  [38;5;246m6 │[0m [38;5;249mi[0m[38;5;249mm[0m[38;5;249mp[0m[38;5;249mo[0m[38;5;249mr[0m[38;5;249mt[0m[38;5;249m [0m[38;5;249mH[0m[38;5;249mo[0m[38;5;249mm[0m[38;5;249me[0m[38;5;249mP[0m[38;5;249ma[0m[38;5;249mg[0m[38;5;249me[0m[38;5;249m [0m[38;5;249mf[0m[38;5;249mr[0m[38;5;249mo[0m[38;5;249mm[0m[38;5;249m [0m"../src/pages/HomePage"[38;5;249m;[0m
[90m│[39m  [38;5;240m│[0m                      ───────────┬───────────
[90m│[39m  [38;5;240m│[0m                                 ╰───────────── Module not found.
[90m│[39m  [38;5;240m│[0m
[90m│[39m  [38;5;240m│[0m [38;5;115mHelp[0m: 'src/stories/Pages.stories.jsx' is imported by the following
[90m│[39m  path:
[90m│[39m  [38;5;240m│[0m         - src/stories/Pages.stories.jsx
[90m│[39m  [38;5;240m│[0m         - \0virtual:/@storybook/builder-vite/storybook-stories.js
[90m│[39m  [38;5;240m│[0m         - \0virtual:/@storybook/builder-vite/vite-app.js
[90m│[39m  [38;5;240m│[0m         - iframe.html
[90m│[39m  [38;5;246m───╯[0m

[90m│[39m  ...[39m
[90m│[39m  at aggregateBindingErrorsIntoJsError
[90m│[39m  (file://./node_modules/rolldown/dist/shared/error-w0u7biK-.mjs:48:18)
[90m│[39m  at unwrapBindingResult
[90m│[39m  (file://./node_modules/rolldown/dist/shared/error-w0u7biK-.mjs:18:128)
[90m│[39m  at #build
[90m│[39m  (file://./node_modules/rolldown/dist/shared/rolldown-build-DtGk-m96.mjs:3313:34)
[90m│[39m  at async buildEnvironment
[90m│[39m  (file://./node_modules/vite/dist/node/chunks/node.js:32954:64)
[90m│[39m  at async Object.build
[90m│[39m  (file://./node_modules/vite/dist/node/chunks/node.js:33376:19)
[90m│[39m  at async build
[90m│[39m  (file://./node_modules/@storybook/builder-vite/dist/index.js:1508:290)
[90m│[39m  at async Promise.all (index 0)
[90m│[39m  at async buildStaticStandalone
[90m│[39m  (file://./node_modules/storybook/dist/core-server/index.js:6498:7)
[90m│[39m  at async withTelemetry
[90m│[39m  (file://./node_modules/storybook/dist/_node-chunks/chunk-FIR43JGQ.js:225:12)
[90m│[39m  at async build
[90m│[39m  (file://./node_modules/storybook/dist/bin/core.js:2679:3)
[90m│[39m  at async _Command.<anonymous>
[90m│[39m  (file://./node_modules/storybook/dist/bin/core.js:2824:7)
[90m│[39m
[90m└[39m  Storybook exited with an error

